# JRE version: Java(TM) SE Runtime Environment (8.0_191-b12) (build 1.8.0_191-b12)
# Java VM: Java HotSpot(TM) 64-Bit Server VM (25.191-b12 mixed mode windows-amd64 compressed oops)
Heap:
 PSYoungGen      total 294912K, used 79187K [0x00000000d6200000, 0x00000000e8980000, 0x0000000100000000)
  eden space 287232K, 26% used [0x00000000d6200000,0x00000000dab92f98,0x00000000e7a80000)
  from space 7680K, 50% used [0x00000000e7a80000,0x00000000e7e41ec8,0x00000000e8200000)
  to   space 7168K, 0% used [0x00000000e8280000,0x00000000e8280000,0x00000000e8980000)
 ParOldGen       total 72192K, used 41766K [0x0000000082600000, 0x0000000086c80000, 0x00000000d6200000)
  object space 72192K, 57% used [0x0000000082600000,0x0000000084ec9ae0,0x0000000086c80000)
 Metaspace       used 36254K, capacity 37968K, committed 38144K, reserved 1081344K
  class space    used 5015K, capacity 5317K, committed 5376K, reserved 1048576K
GC Heap History (10 events):
Event: 41.741 GC heap before
{Heap before GC invocations=27 (full 2):
 PSYoungGen      total 278016K, used 273639K [0x00000000d6200000, 0x00000000e7b80000, 0x0000000100000000)
  eden space 269824K, 100% used [0x00000000d6200000,0x00000000e6980000,0x00000000e6980000)
  from space 8192K, 46% used [0x00000000e7380000,0x00000000e7739ec8,0x00000000e7b80000)
  to   space 9216K, 0% used [0x00000000e6980000,0x00000000e6980000,0x00000000e7280000)
 ParOldGen       total 72192K, used 41758K [0x0000000082600000, 0x0000000086c80000, 0x00000000d6200000)
  object space 72192K, 57% used [0x0000000082600000,0x0000000084ec7ae0,0x0000000086c80000)
 Metaspace       used 35761K, capacity 37412K, committed 37760K, reserved 1081344K
  class space    used 4889K, capacity 5181K, committed 5248K, reserved 1048576K
Event: 41.749 GC heap after
Heap after GC invocations=27 (full 2):
 PSYoungGen      total 279040K, used 3783K [0x00000000d6200000, 0x00000000e7b80000, 0x0000000100000000)
  eden space 269824K, 0% used [0x00000000d6200000,0x00000000d6200000,0x00000000e6980000)
  from space 9216K, 41% used [0x00000000e6980000,0x00000000e6d31ec8,0x00000000e7280000)
  to   space 8192K, 0% used [0x00000000e7380000,0x00000000e7380000,0x00000000e7b80000)
 ParOldGen       total 72192K, used 41758K [0x0000000082600000, 0x0000000086c80000, 0x00000000d6200000)
  object space 72192K, 57% used [0x0000000082600000,0x0000000084ec7ae0,0x0000000086c80000)
 Metaspace       used 35761K, capacity 37412K, committed 37760K, reserved 1081344K
  class space    used 4889K, capacity 5181K, committed 5248K, reserved 1048576K
}
Event: 43.041 GC heap before
{Heap before GC invocations=28 (full 2):
 PSYoungGen      total 279040K, used 273607K [0x00000000d6200000, 0x00000000e7b80000, 0x0000000100000000)
  eden space 269824K, 100% used [0x00000000d6200000,0x00000000e6980000,0x00000000e6980000)
  from space 9216K, 41% used [0x00000000e6980000,0x00000000e6d31ec8,0x00000000e7280000)
  to   space 8192K, 0% used [0x00000000e7380000,0x00000000e7380000,0x00000000e7b80000)
 ParOldGen       total 72192K, used 41758K [0x0000000082600000, 0x0000000086c80000, 0x00000000d6200000)
  object space 72192K, 57% used [0x0000000082600000,0x0000000084ec7ae0,0x0000000086c80000)
 Metaspace       used 35761K, capacity 37412K, committed 37760K, reserved 1081344K
  class space    used 4889K, capacity 5181K, committed 5248K, reserved 1048576K
Event: 43.046 GC heap after
Heap after GC invocations=28 (full 2):
 PSYoungGen      total 278016K, used 3815K [0x00000000d6200000, 0x00000000e7b80000, 0x0000000100000000)
  eden space 269824K, 0% used [0x00000000d6200000,0x00000000d6200000,0x00000000e6980000)
  from space 8192K, 46% used [0x00000000e7380000,0x00000000e7739ec8,0x00000000e7b80000)
  to   space 9216K, 0% used [0x00000000e6980000,0x00000000e6980000,0x00000000e7280000)
 ParOldGen       total 72192K, used 41758K [0x0000000082600000, 0x0000000086c80000, 0x00000000d6200000)
  object space 72192K, 57% used [0x0000000082600000,0x0000000084ec7ae0,0x0000000086c80000)
 Metaspace       used 35761K, capacity 37412K, committed 37760K, reserved 1081344K
  class space    used 4889K, capacity 5181K, committed 5248K, reserved 1048576K
}
Event: 44.414 GC heap before
{Heap before GC invocations=29 (full 2):
 PSYoungGen      total 278016K, used 273639K [0x00000000d6200000, 0x00000000e7b80000, 0x0000000100000000)
  eden space 269824K, 100% used [0x00000000d6200000,0x00000000e6980000,0x00000000e6980000)
  from space 8192K, 46% used [0x00000000e7380000,0x00000000e7739ec8,0x00000000e7b80000)
  to   space 9216K, 0% used [0x00000000e6980000,0x00000000e6980000,0x00000000e7280000)
 ParOldGen       total 72192K, used 41758K [0x0000000082600000, 0x0000000086c80000, 0x00000000d6200000)
  object space 72192K, 57% used [0x0000000082600000,0x0000000084ec7ae0,0x0000000086c80000)
 Metaspace       used 35777K, capacity 37418K, committed 37760K, reserved 1081344K
  class space    used 4889K, capacity 5182K, committed 5248K, reserved 1048576K
Event: 44.418 GC heap after
Heap after GC invocations=29 (full 2):
 PSYoungGen      total 279040K, used 1719K [0x00000000d6200000, 0x00000000e8a80000, 0x0000000100000000)
  eden space 269824K, 0% used [0x00000000d6200000,0x00000000d6200000,0x00000000e6980000)
  from space 9216K, 18% used [0x00000000e6980000,0x00000000e6b2df98,0x00000000e7280000)
  to   space 8192K, 0% used [0x00000000e8280000,0x00000000e8280000,0x00000000e8a80000)
 ParOldGen       total 72192K, used 41766K [0x0000000082600000, 0x0000000086c80000, 0x00000000d6200000)
  object space 72192K, 57% used [0x0000000082600000,0x0000000084ec9ae0,0x0000000086c80000)
 Metaspace       used 35777K, capacity 37418K, committed 37760K, reserved 1081344K
  class space    used 4889K, capacity 5182K, committed 5248K, reserved 1048576K
}
Event: 45.737 GC heap before
{Heap before GC invocations=30 (full 2):
 PSYoungGen      total 279040K, used 271543K [0x00000000d6200000, 0x00000000e8a80000, 0x0000000100000000)
  eden space 269824K, 100% used [0x00000000d6200000,0x00000000e6980000,0x00000000e6980000)
  from space 9216K, 18% used [0x00000000e6980000,0x00000000e6b2df98,0x00000000e7280000)
  to   space 8192K, 0% used [0x00000000e8280000,0x00000000e8280000,0x00000000e8a80000)
 ParOldGen       total 72192K, used 41766K [0x0000000082600000, 0x0000000086c80000, 0x00000000d6200000)
  object space 72192K, 57% used [0x0000000082600000,0x0000000084ec9ae0,0x0000000086c80000)
 Metaspace       used 35777K, capacity 37418K, committed 37760K, reserved 1081344K
  class space    used 4889K, capacity 5182K, committed 5248K, reserved 1048576K
Event: 45.743 GC heap after
Heap after GC invocations=30 (full 2):
 PSYoungGen      total 294400K, used 3879K [0x00000000d6200000, 0x00000000e8980000, 0x0000000100000000)
  eden space 287232K, 0% used [0x00000000d6200000,0x00000000d6200000,0x00000000e7a80000)
  from space 7168K, 54% used [0x00000000e8280000,0x00000000e8649ec8,0x00000000e8980000)
  to   space 7680K, 0% used [0x00000000e7a80000,0x00000000e7a80000,0x00000000e8200000)
 ParOldGen       total 72192K, used 41766K [0x0000000082600000, 0x0000000086c80000, 0x00000000d6200000)
  object space 72192K, 57% used [0x0000000082600000,0x0000000084ec9ae0,0x0000000086c80000)
 Metaspace       used 35777K, capacity 37418K, committed 37760K, reserved 1081344K
  class space    used 4889K, capacity 5182K, committed 5248K, reserved 1048576K
}
Event: 47.275 GC heap before
{Heap before GC invocations=31 (full 2):
 PSYoungGen      total 294400K, used 291111K [0x00000000d6200000, 0x00000000e8980000, 0x0000000100000000)
  eden space 287232K, 100% used [0x00000000d6200000,0x00000000e7a80000,0x00000000e7a80000)
  from space 7168K, 54% used [0x00000000e8280000,0x00000000e8649ec8,0x00000000e8980000)
  to   space 7680K, 0% used [0x00000000e7a80000,0x00000000e7a80000,0x00000000e8200000)
 ParOldGen       total 72192K, used 41766K [0x0000000082600000, 0x0000000086c80000, 0x00000000d6200000)
  object space 72192K, 57% used [0x0000000082600000,0x0000000084ec9ae0,0x0000000086c80000)
 Metaspace       used 35777K, capacity 37418K, committed 37760K, reserved 1081344K
  class space    used 4889K, capacity 5182K, committed 5248K, reserved 1048576K
Event: 47.283 GC heap after
Heap after GC invocations=31 (full 2):
 PSYoungGen      total 294912K, used 3847K [0x00000000d6200000, 0x00000000e8980000, 0x0000000100000000)
  eden space 287232K, 0% used [0x00000000d6200000,0x00000000d6200000,0x00000000e7a80000)
  from space 7680K, 50% used [0x00000000e7a80000,0x00000000e7e41ec8,0x00000000e8200000)
  to   space 7168K, 0% used [0x00000000e8280000,0x00000000e8280000,0x00000000e8980000)
 ParOldGen       total 72192K, used 41766K [0x0000000082600000, 0x0000000086c80000, 0x00000000d6200000)
  object space 72192K, 57% used [0x0000000082600000,0x0000000084ec9ae0,0x0000000086c80000)
 Metaspace       used 35777K, capacity 37418K, committed 37760K, reserved 1081344K
  class space    used 4889K, capacity 5182K, committed 5248K, reserved 1048576K
}

