# JRE version: Java(TM) SE Runtime Environment (8.0_191-b12) (build 1.8.0_191-b12)
# Java VM: Java HotSpot(TM) 64-Bit Server VM (25.191-b12 mixed mode windows-amd64 compressed oops)
Heap:
 PSYoungGen      total 306688K, used 32249K [0x00000000d6200000, 0x00000000ea480000, 0x0000000100000000)
  eden space 296960K, 9% used [0x00000000d6200000,0x00000000d7e3f210,0x00000000e8400000)
  from space 9728K, 34% used [0x00000000e8400000,0x00000000e873f340,0x00000000e8d80000)
  to   space 9728K, 0% used [0x00000000e8d80000,0x00000000e8d80000,0x00000000e9700000)
 ParOldGen       total 70656K, used 38451K [0x0000000082600000, 0x0000000086b00000, 0x00000000d6200000)
  object space 70656K, 54% used [0x0000000082600000,0x0000000084b8cf70,0x0000000086b00000)
 Metaspace       used 36249K, capacity 37900K, committed 38144K, reserved 1081344K
  class space    used 4951K, capacity 5257K, committed 5376K, reserved 1048576K
GC Heap History (10 events):
Event: 47.867 GC heap before
{Heap before GC invocations=25 (full 2):
 PSYoungGen      total 299520K, used 291985K [0x00000000d6200000, 0x00000000e9700000, 0x0000000100000000)
  eden space 289792K, 100% used [0x00000000d6200000,0x00000000e7d00000,0x00000000e7d00000)
  from space 9728K, 22% used [0x00000000e8d80000,0x00000000e8fa4540,0x00000000e9700000)
  to   space 13312K, 0% used [0x00000000e7d00000,0x00000000e7d00000,0x00000000e8a00000)
 ParOldGen       total 70656K, used 38411K [0x0000000082600000, 0x0000000086b00000, 0x00000000d6200000)
  object space 70656K, 54% used [0x0000000082600000,0x0000000084b82f70,0x0000000086b00000)
 Metaspace       used 35951K, capacity 37632K, committed 38016K, reserved 1081344K
  class space    used 4893K, capacity 5191K, committed 5248K, reserved 1048576K
Event: 47.873 GC heap after
Heap after GC invocations=25 (full 2):
 PSYoungGen      total 303104K, used 2655K [0x00000000d6200000, 0x00000000e9700000, 0x0000000100000000)
  eden space 289792K, 0% used [0x00000000d6200000,0x00000000d6200000,0x00000000e7d00000)
  from space 13312K, 19% used [0x00000000e7d00000,0x00000000e7f97d48,0x00000000e8a00000)
  to   space 9728K, 0% used [0x00000000e8d80000,0x00000000e8d80000,0x00000000e9700000)
 ParOldGen       total 70656K, used 38419K [0x0000000082600000, 0x0000000086b00000, 0x00000000d6200000)
  object space 70656K, 54% used [0x0000000082600000,0x0000000084b84f70,0x0000000086b00000)
 Metaspace       used 35951K, capacity 37632K, committed 38016K, reserved 1081344K
  class space    used 4893K, capacity 5191K, committed 5248K, reserved 1048576K
}
Event: 49.711 GC heap before
{Heap before GC invocations=26 (full 2):
 PSYoungGen      total 303104K, used 292447K [0x00000000d6200000, 0x00000000e9700000, 0x0000000100000000)
  eden space 289792K, 100% used [0x00000000d6200000,0x00000000e7d00000,0x00000000e7d00000)
  from space 13312K, 19% used [0x00000000e7d00000,0x00000000e7f97d48,0x00000000e8a00000)
  to   space 9728K, 0% used [0x00000000e8d80000,0x00000000e8d80000,0x00000000e9700000)
 ParOldGen       total 70656K, used 38419K [0x0000000082600000, 0x0000000086b00000, 0x00000000d6200000)
  object space 70656K, 54% used [0x0000000082600000,0x0000000084b84f70,0x0000000086b00000)
 Metaspace       used 35957K, capacity 37632K, committed 38016K, reserved 1081344K
  class space    used 4893K, capacity 5191K, committed 5248K, reserved 1048576K
Event: 49.720 GC heap after
Heap after GC invocations=26 (full 2):
 PSYoungGen      total 299520K, used 2817K [0x00000000d6200000, 0x00000000e9700000, 0x0000000100000000)
  eden space 289792K, 0% used [0x00000000d6200000,0x00000000d6200000,0x00000000e7d00000)
  from space 9728K, 28% used [0x00000000e8d80000,0x00000000e9040460,0x00000000e9700000)
  to   space 13312K, 0% used [0x00000000e7d00000,0x00000000e7d00000,0x00000000e8a00000)
 ParOldGen       total 70656K, used 38427K [0x0000000082600000, 0x0000000086b00000, 0x00000000d6200000)
  object space 70656K, 54% used [0x0000000082600000,0x0000000084b86f70,0x0000000086b00000)
 Metaspace       used 35957K, capacity 37632K, committed 38016K, reserved 1081344K
  class space    used 4893K, capacity 5191K, committed 5248K, reserved 1048576K
}
Event: 51.105 GC heap before
{Heap before GC invocations=27 (full 2):
 PSYoungGen      total 299520K, used 292609K [0x00000000d6200000, 0x00000000e9700000, 0x0000000100000000)
  eden space 289792K, 100% used [0x00000000d6200000,0x00000000e7d00000,0x00000000e7d00000)
  from space 9728K, 28% used [0x00000000e8d80000,0x00000000e9040460,0x00000000e9700000)
  to   space 13312K, 0% used [0x00000000e7d00000,0x00000000e7d00000,0x00000000e8a00000)
 ParOldGen       total 70656K, used 38427K [0x0000000082600000, 0x0000000086b00000, 0x00000000d6200000)
  object space 70656K, 54% used [0x0000000082600000,0x0000000084b86f70,0x0000000086b00000)
 Metaspace       used 35992K, capacity 37638K, committed 38016K, reserved 1081344K
  class space    used 4894K, capacity 5192K, committed 5248K, reserved 1048576K
Event: 51.109 GC heap after
Heap after GC invocations=27 (full 2):
 PSYoungGen      total 303104K, used 3183K [0x00000000d6200000, 0x00000000e9700000, 0x0000000100000000)
  eden space 289792K, 0% used [0x00000000d6200000,0x00000000d6200000,0x00000000e7d00000)
  from space 13312K, 23% used [0x00000000e7d00000,0x00000000e801bd80,0x00000000e8a00000)
  to   space 9728K, 0% used [0x00000000e8d80000,0x00000000e8d80000,0x00000000e9700000)
 ParOldGen       total 70656K, used 38435K [0x0000000082600000, 0x0000000086b00000, 0x00000000d6200000)
  object space 70656K, 54% used [0x0000000082600000,0x0000000084b88f70,0x0000000086b00000)
 Metaspace       used 35992K, capacity 37638K, committed 38016K, reserved 1081344K
  class space    used 4894K, capacity 5192K, committed 5248K, reserved 1048576K
}
Event: 52.665 GC heap before
{Heap before GC invocations=28 (full 2):
 PSYoungGen      total 303104K, used 292899K [0x00000000d6200000, 0x00000000e9700000, 0x0000000100000000)
  eden space 289792K, 99% used [0x00000000d6200000,0x00000000e7ced010,0x00000000e7d00000)
  from space 13312K, 23% used [0x00000000e7d00000,0x00000000e801bd80,0x00000000e8a00000)
  to   space 9728K, 0% used [0x00000000e8d80000,0x00000000e8d80000,0x00000000e9700000)
 ParOldGen       total 70656K, used 38435K [0x0000000082600000, 0x0000000086b00000, 0x00000000d6200000)
  object space 70656K, 54% used [0x0000000082600000,0x0000000084b88f70,0x0000000086b00000)
 Metaspace       used 36010K, capacity 37702K, committed 38016K, reserved 1081344K
  class space    used 4894K, capacity 5192K, committed 5248K, reserved 1048576K
Event: 52.671 GC heap after
Heap after GC invocations=28 (full 2):
 PSYoungGen      total 306688K, used 3268K [0x00000000d6200000, 0x00000000ea480000, 0x0000000100000000)
  eden space 296960K, 0% used [0x00000000d6200000,0x00000000d6200000,0x00000000e8400000)
  from space 9728K, 33% used [0x00000000e8d80000,0x00000000e90b13d0,0x00000000e9700000)
  to   space 9728K, 0% used [0x00000000e8400000,0x00000000e8400000,0x00000000e8d80000)
 ParOldGen       total 70656K, used 38443K [0x0000000082600000, 0x0000000086b00000, 0x00000000d6200000)
  object space 70656K, 54% used [0x0000000082600000,0x0000000084b8af70,0x0000000086b00000)
 Metaspace       used 36010K, capacity 37702K, committed 38016K, reserved 1081344K
  class space    used 4894K, capacity 5192K, committed 5248K, reserved 1048576K
}
Event: 54.322 GC heap before
{Heap before GC invocations=29 (full 2):
 PSYoungGen      total 306688K, used 300228K [0x00000000d6200000, 0x00000000ea480000, 0x0000000100000000)
  eden space 296960K, 100% used [0x00000000d6200000,0x00000000e8400000,0x00000000e8400000)
  from space 9728K, 33% used [0x00000000e8d80000,0x00000000e90b13d0,0x00000000e9700000)
  to   space 9728K, 0% used [0x00000000e8400000,0x00000000e8400000,0x00000000e8d80000)
 ParOldGen       total 70656K, used 38443K [0x0000000082600000, 0x0000000086b00000, 0x00000000d6200000)
  object space 70656K, 54% used [0x0000000082600000,0x0000000084b8af70,0x0000000086b00000)
 Metaspace       used 36010K, capacity 37702K, committed 38016K, reserved 1081344K
  class space    used 4894K, capacity 5192K, committed 5248K, reserved 1048576K
Event: 54.329 GC heap after
Heap after GC invocations=29 (full 2):
 PSYoungGen      total 306688K, used 3324K [0x00000000d6200000, 0x00000000ea480000, 0x0000000100000000)
  eden space 296960K, 0% used [0x00000000d6200000,0x00000000d6200000,0x00000000e8400000)
  from space 9728K, 34% used [0x00000000e8400000,0x00000000e873f340,0x00000000e8d80000)
  to   space 9728K, 0% used [0x00000000e8d80000,0x00000000e8d80000,0x00000000e9700000)
 ParOldGen       total 70656K, used 38451K [0x0000000082600000, 0x0000000086b00000, 0x00000000d6200000)
  object space 70656K, 54% used [0x0000000082600000,0x0000000084b8cf70,0x0000000086b00000)
 Metaspace       used 36010K, capacity 37702K, committed 38016K, reserved 1081344K
  class space    used 4894K, capacity 5192K, committed 5248K, reserved 1048576K
}

