# JRE version: Java(TM) SE Runtime Environment (8.0_191-b12) (build 1.8.0_191-b12)
# Java VM: Java HotSpot(TM) 64-Bit Server VM (25.191-b12 mixed mode windows-amd64 compressed oops)
Heap:
 PSYoungGen      total 273920K, used 38762K [0x00000000d6200000, 0x00000000e8080000, 0x0000000100000000)
  eden space 262656K, 14% used [0x00000000d6200000,0x00000000d863e5e8,0x00000000e6280000)
  from space 11264K, 14% used [0x00000000e6280000,0x00000000e641c250,0x00000000e6d80000)
  to   space 8704K, 0% used [0x00000000e7800000,0x00000000e7800000,0x00000000e8080000)
 ParOldGen       total 132096K, used 36502K [0x0000000082600000, 0x000000008a700000, 0x00000000d6200000)
  object space 132096K, 27% used [0x0000000082600000,0x00000000849a5840,0x000000008a700000)
 Metaspace       used 35680K, capacity 37300K, committed 37632K, reserved 1081344K
  class space    used 4996K, capacity 5285K, committed 5376K, reserved 1048576K
GC Heap History (10 events):
Event: 49.008 GC heap before
{Heap before GC invocations=27 (full 2):
 PSYoungGen      total 273408K, used 266193K [0x00000000d6200000, 0x00000000e7880000, 0x0000000100000000)
  eden space 262656K, 100% used [0x00000000d6200000,0x00000000e6280000,0x00000000e6280000)
  from space 10752K, 32% used [0x00000000e6e00000,0x00000000e71746f0,0x00000000e7880000)
  to   space 11264K, 0% used [0x00000000e6280000,0x00000000e6280000,0x00000000e6d80000)
 ParOldGen       total 132096K, used 36486K [0x0000000082600000, 0x000000008a700000, 0x00000000d6200000)
  object space 132096K, 27% used [0x0000000082600000,0x00000000849a1840,0x000000008a700000)
 Metaspace       used 35196K, capacity 36808K, committed 37248K, reserved 1081344K
  class space    used 4873K, capacity 5149K, committed 5248K, reserved 1048576K
Event: 49.018 GC heap after
Heap after GC invocations=27 (full 2):
 PSYoungGen      total 273920K, used 2561K [0x00000000d6200000, 0x00000000e7880000, 0x0000000100000000)
  eden space 262656K, 0% used [0x00000000d6200000,0x00000000d6200000,0x00000000e6280000)
  from space 11264K, 22% used [0x00000000e6280000,0x00000000e65004a0,0x00000000e6d80000)
  to   space 10752K, 0% used [0x00000000e6e00000,0x00000000e6e00000,0x00000000e7880000)
 ParOldGen       total 132096K, used 36486K [0x0000000082600000, 0x000000008a700000, 0x00000000d6200000)
  object space 132096K, 27% used [0x0000000082600000,0x00000000849a1840,0x000000008a700000)
 Metaspace       used 35196K, capacity 36808K, committed 37248K, reserved 1081344K
  class space    used 4873K, capacity 5149K, committed 5248K, reserved 1048576K
}
Event: 50.614 GC heap before
{Heap before GC invocations=28 (full 2):
 PSYoungGen      total 273920K, used 265217K [0x00000000d6200000, 0x00000000e7880000, 0x0000000100000000)
  eden space 262656K, 100% used [0x00000000d6200000,0x00000000e6280000,0x00000000e6280000)
  from space 11264K, 22% used [0x00000000e6280000,0x00000000e65004a0,0x00000000e6d80000)
  to   space 10752K, 0% used [0x00000000e6e00000,0x00000000e6e00000,0x00000000e7880000)
 ParOldGen       total 132096K, used 36486K [0x0000000082600000, 0x000000008a700000, 0x00000000d6200000)
  object space 132096K, 27% used [0x0000000082600000,0x00000000849a1840,0x000000008a700000)
 Metaspace       used 35196K, capacity 36808K, committed 37248K, reserved 1081344K
  class space    used 4873K, capacity 5149K, committed 5248K, reserved 1048576K
Event: 50.625 GC heap after
Heap after GC invocations=28 (full 2):
 PSYoungGen      total 273408K, used 1584K [0x00000000d6200000, 0x00000000e7880000, 0x0000000100000000)
  eden space 262656K, 0% used [0x00000000d6200000,0x00000000d6200000,0x00000000e6280000)
  from space 10752K, 14% used [0x00000000e6e00000,0x00000000e6f8c250,0x00000000e7880000)
  to   space 11264K, 0% used [0x00000000e6280000,0x00000000e6280000,0x00000000e6d80000)
 ParOldGen       total 132096K, used 36486K [0x0000000082600000, 0x000000008a700000, 0x00000000d6200000)
  object space 132096K, 27% used [0x0000000082600000,0x00000000849a1840,0x000000008a700000)
 Metaspace       used 35196K, capacity 36808K, committed 37248K, reserved 1081344K
  class space    used 4873K, capacity 5149K, committed 5248K, reserved 1048576K
}
Event: 52.196 GC heap before
{Heap before GC invocations=29 (full 2):
 PSYoungGen      total 273408K, used 264240K [0x00000000d6200000, 0x00000000e7880000, 0x0000000100000000)
  eden space 262656K, 100% used [0x00000000d6200000,0x00000000e6280000,0x00000000e6280000)
  from space 10752K, 14% used [0x00000000e6e00000,0x00000000e6f8c250,0x00000000e7880000)
  to   space 11264K, 0% used [0x00000000e6280000,0x00000000e6280000,0x00000000e6d80000)
 ParOldGen       total 132096K, used 36486K [0x0000000082600000, 0x000000008a700000, 0x00000000d6200000)
  object space 132096K, 27% used [0x0000000082600000,0x00000000849a1840,0x000000008a700000)
 Metaspace       used 35211K, capacity 36814K, committed 37248K, reserved 1081344K
  class space    used 4874K, capacity 5150K, committed 5248K, reserved 1048576K
Event: 52.200 GC heap after
Heap after GC invocations=29 (full 2):
 PSYoungGen      total 273920K, used 1648K [0x00000000d6200000, 0x00000000e7880000, 0x0000000100000000)
  eden space 262656K, 0% used [0x00000000d6200000,0x00000000d6200000,0x00000000e6280000)
  from space 11264K, 14% used [0x00000000e6280000,0x00000000e641c250,0x00000000e6d80000)
  to   space 10752K, 0% used [0x00000000e6e00000,0x00000000e6e00000,0x00000000e7880000)
 ParOldGen       total 132096K, used 36494K [0x0000000082600000, 0x000000008a700000, 0x00000000d6200000)
  object space 132096K, 27% used [0x0000000082600000,0x00000000849a3840,0x000000008a700000)
 Metaspace       used 35211K, capacity 36814K, committed 37248K, reserved 1081344K
  class space    used 4874K, capacity 5150K, committed 5248K, reserved 1048576K
}
Event: 53.620 GC heap before
{Heap before GC invocations=30 (full 2):
 PSYoungGen      total 273920K, used 264304K [0x00000000d6200000, 0x00000000e7880000, 0x0000000100000000)
  eden space 262656K, 100% used [0x00000000d6200000,0x00000000e6280000,0x00000000e6280000)
  from space 11264K, 14% used [0x00000000e6280000,0x00000000e641c250,0x00000000e6d80000)
  to   space 10752K, 0% used [0x00000000e6e00000,0x00000000e6e00000,0x00000000e7880000)
 ParOldGen       total 132096K, used 36494K [0x0000000082600000, 0x000000008a700000, 0x00000000d6200000)
  object space 132096K, 27% used [0x0000000082600000,0x00000000849a3840,0x000000008a700000)
 Metaspace       used 35211K, capacity 36814K, committed 37248K, reserved 1081344K
  class space    used 4874K, capacity 5150K, committed 5248K, reserved 1048576K
Event: 53.625 GC heap after
Heap after GC invocations=30 (full 2):
 PSYoungGen      total 273408K, used 1648K [0x00000000d6200000, 0x00000000e7880000, 0x0000000100000000)
  eden space 262656K, 0% used [0x00000000d6200000,0x00000000d6200000,0x00000000e6280000)
  from space 10752K, 15% used [0x00000000e6e00000,0x00000000e6f9c250,0x00000000e7880000)
  to   space 11264K, 0% used [0x00000000e6280000,0x00000000e6280000,0x00000000e6d80000)
 ParOldGen       total 132096K, used 36502K [0x0000000082600000, 0x000000008a700000, 0x00000000d6200000)
  object space 132096K, 27% used [0x0000000082600000,0x00000000849a5840,0x000000008a700000)
 Metaspace       used 35211K, capacity 36814K, committed 37248K, reserved 1081344K
  class space    used 4874K, capacity 5150K, committed 5248K, reserved 1048576K
}
Event: 54.973 GC heap before
{Heap before GC invocations=31 (full 2):
 PSYoungGen      total 273408K, used 264304K [0x00000000d6200000, 0x00000000e7880000, 0x0000000100000000)
  eden space 262656K, 100% used [0x00000000d6200000,0x00000000e6280000,0x00000000e6280000)
  from space 10752K, 15% used [0x00000000e6e00000,0x00000000e6f9c250,0x00000000e7880000)
  to   space 11264K, 0% used [0x00000000e6280000,0x00000000e6280000,0x00000000e6d80000)
 ParOldGen       total 132096K, used 36502K [0x0000000082600000, 0x000000008a700000, 0x00000000d6200000)
  object space 132096K, 27% used [0x0000000082600000,0x00000000849a5840,0x000000008a700000)
 Metaspace       used 35211K, capacity 36814K, committed 37248K, reserved 1081344K
  class space    used 4874K, capacity 5150K, committed 5248K, reserved 1048576K
Event: 54.977 GC heap after
Heap after GC invocations=31 (full 2):
 PSYoungGen      total 273920K, used 1648K [0x00000000d6200000, 0x00000000e8080000, 0x0000000100000000)
  eden space 262656K, 0% used [0x00000000d6200000,0x00000000d6200000,0x00000000e6280000)
  from space 11264K, 14% used [0x00000000e6280000,0x00000000e641c250,0x00000000e6d80000)
  to   space 8704K, 0% used [0x00000000e7800000,0x00000000e7800000,0x00000000e8080000)
 ParOldGen       total 132096K, used 36502K [0x0000000082600000, 0x000000008a700000, 0x00000000d6200000)
  object space 132096K, 27% used [0x0000000082600000,0x00000000849a5840,0x000000008a700000)
 Metaspace       used 35211K, capacity 36814K, committed 37248K, reserved 1081344K
  class space    used 4874K, capacity 5150K, committed 5248K, reserved 1048576K
}

