# JRE version: Java(TM) SE Runtime Environment (8.0_191-b12) (build 1.8.0_191-b12)
# Java VM: Java HotSpot(TM) 64-Bit Server VM (25.191-b12 mixed mode windows-amd64 compressed oops)
Heap:
 PSYoungGen      total 247296K, used 110125K [0x00000000d6200000, 0x00000000e7080000, 0x0000000100000000)
  eden space 236032K, 45% used [0x00000000d6200000,0x00000000dcb56410,0x00000000e4880000)
  from space 11264K, 20% used [0x00000000e5300000,0x00000000e5535010,0x00000000e5e00000)
  to   space 10752K, 0% used [0x00000000e4880000,0x00000000e4880000,0x00000000e5300000)
 ParOldGen       total 124416K, used 38077K [0x0000000082600000, 0x0000000089f80000, 0x00000000d6200000)
  object space 124416K, 30% used [0x0000000082600000,0x0000000084b2f7e8,0x0000000089f80000)
 Metaspace       used 35944K, capacity 37618K, committed 37760K, reserved 1081344K
  class space    used 4943K, capacity 5246K, committed 5248K, reserved 1048576K
GC Heap History (10 events):
Event: 57.077 GC heap before
{Heap before GC invocations=26 (full 2):
 PSYoungGen      total 226816K, used 211192K [0x00000000d6200000, 0x00000000e5f80000, 0x0000000100000000)
  eden space 209408K, 100% used [0x00000000d6200000,0x00000000e2e80000,0x00000000e2e80000)
  from space 17408K, 10% used [0x00000000e2e80000,0x00000000e303e0c0,0x00000000e3f80000)
  to   space 12800K, 0% used [0x00000000e5300000,0x00000000e5300000,0x00000000e5f80000)
 ParOldGen       total 124416K, used 38053K [0x0000000082600000, 0x0000000089f80000, 0x00000000d6200000)
  object space 124416K, 30% used [0x0000000082600000,0x0000000084b297e8,0x0000000089f80000)
 Metaspace       used 35848K, capacity 37484K, committed 37760K, reserved 1081344K
  class space    used 4942K, capacity 5245K, committed 5248K, reserved 1048576K
Event: 57.082 GC heap after
Heap after GC invocations=26 (full 2):
 PSYoungGen      total 245760K, used 1784K [0x00000000d6200000, 0x00000000e5e00000, 0x0000000100000000)
  eden space 234496K, 0% used [0x00000000d6200000,0x00000000d6200000,0x00000000e4700000)
  from space 11264K, 15% used [0x00000000e5300000,0x00000000e54be0c0,0x00000000e5e00000)
  to   space 11776K, 0% used [0x00000000e4700000,0x00000000e4700000,0x00000000e5280000)
 ParOldGen       total 124416K, used 38053K [0x0000000082600000, 0x0000000089f80000, 0x00000000d6200000)
  object space 124416K, 30% used [0x0000000082600000,0x0000000084b297e8,0x0000000089f80000)
 Metaspace       used 35848K, capacity 37484K, committed 37760K, reserved 1081344K
  class space    used 4942K, capacity 5245K, committed 5248K, reserved 1048576K
}
Event: 58.238 GC heap before
{Heap before GC invocations=27 (full 2):
 PSYoungGen      total 245760K, used 236280K [0x00000000d6200000, 0x00000000e5e00000, 0x0000000100000000)
  eden space 234496K, 100% used [0x00000000d6200000,0x00000000e4700000,0x00000000e4700000)
  from space 11264K, 15% used [0x00000000e5300000,0x00000000e54be0c0,0x00000000e5e00000)
  to   space 11776K, 0% used [0x00000000e4700000,0x00000000e4700000,0x00000000e5280000)
 ParOldGen       total 124416K, used 38053K [0x0000000082600000, 0x0000000089f80000, 0x00000000d6200000)
  object space 124416K, 30% used [0x0000000082600000,0x0000000084b297e8,0x0000000089f80000)
 Metaspace       used 35858K, capacity 37490K, committed 37760K, reserved 1081344K
  class space    used 4943K, capacity 5246K, committed 5248K, reserved 1048576K
Event: 58.245 GC heap after
Heap after GC invocations=27 (full 2):
 PSYoungGen      total 246272K, used 4072K [0x00000000d6200000, 0x00000000e5e00000, 0x0000000100000000)
  eden space 234496K, 0% used [0x00000000d6200000,0x00000000d6200000,0x00000000e4700000)
  from space 11776K, 34% used [0x00000000e4700000,0x00000000e4afa240,0x00000000e5280000)
  to   space 11264K, 0% used [0x00000000e5300000,0x00000000e5300000,0x00000000e5e00000)
 ParOldGen       total 124416K, used 38061K [0x0000000082600000, 0x0000000089f80000, 0x00000000d6200000)
  object space 124416K, 30% used [0x0000000082600000,0x0000000084b2b7e8,0x0000000089f80000)
 Metaspace       used 35858K, capacity 37490K, committed 37760K, reserved 1081344K
  class space    used 4943K, capacity 5246K, committed 5248K, reserved 1048576K
}
Event: 59.317 GC heap before
{Heap before GC invocations=28 (full 2):
 PSYoungGen      total 246272K, used 238568K [0x00000000d6200000, 0x00000000e5e00000, 0x0000000100000000)
  eden space 234496K, 100% used [0x00000000d6200000,0x00000000e4700000,0x00000000e4700000)
  from space 11776K, 34% used [0x00000000e4700000,0x00000000e4afa240,0x00000000e5280000)
  to   space 11264K, 0% used [0x00000000e5300000,0x00000000e5300000,0x00000000e5e00000)
 ParOldGen       total 124416K, used 38061K [0x0000000082600000, 0x0000000089f80000, 0x00000000d6200000)
  object space 124416K, 30% used [0x0000000082600000,0x0000000084b2b7e8,0x0000000089f80000)
 Metaspace       used 35858K, capacity 37490K, committed 37760K, reserved 1081344K
  class space    used 4943K, capacity 5246K, committed 5248K, reserved 1048576K
Event: 59.320 GC heap after
Heap after GC invocations=28 (full 2):
 PSYoungGen      total 247296K, used 1848K [0x00000000d6200000, 0x00000000e7080000, 0x0000000100000000)
  eden space 236032K, 0% used [0x00000000d6200000,0x00000000d6200000,0x00000000e4880000)
  from space 11264K, 16% used [0x00000000e5300000,0x00000000e54ce0c0,0x00000000e5e00000)
  to   space 10752K, 0% used [0x00000000e4880000,0x00000000e4880000,0x00000000e5300000)
 ParOldGen       total 124416K, used 38061K [0x0000000082600000, 0x0000000089f80000, 0x00000000d6200000)
  object space 124416K, 30% used [0x0000000082600000,0x0000000084b2b7e8,0x0000000089f80000)
 Metaspace       used 35858K, capacity 37490K, committed 37760K, reserved 1081344K
  class space    used 4943K, capacity 5246K, committed 5248K, reserved 1048576K
}
Event: 60.661 GC heap before
{Heap before GC invocations=29 (full 2):
 PSYoungGen      total 247296K, used 237880K [0x00000000d6200000, 0x00000000e7080000, 0x0000000100000000)
  eden space 236032K, 100% used [0x00000000d6200000,0x00000000e4880000,0x00000000e4880000)
  from space 11264K, 16% used [0x00000000e5300000,0x00000000e54ce0c0,0x00000000e5e00000)
  to   space 10752K, 0% used [0x00000000e4880000,0x00000000e4880000,0x00000000e5300000)
 ParOldGen       total 124416K, used 38061K [0x0000000082600000, 0x0000000089f80000, 0x00000000d6200000)
  object space 124416K, 30% used [0x0000000082600000,0x0000000084b2b7e8,0x0000000089f80000)
 Metaspace       used 35879K, capacity 37554K, committed 37760K, reserved 1081344K
  class space    used 4943K, capacity 5246K, committed 5248K, reserved 1048576K
Event: 60.670 GC heap after
Heap after GC invocations=29 (full 2):
 PSYoungGen      total 246784K, used 2388K [0x00000000d6200000, 0x00000000e7080000, 0x0000000100000000)
  eden space 236032K, 0% used [0x00000000d6200000,0x00000000d6200000,0x00000000e4880000)
  from space 10752K, 22% used [0x00000000e4880000,0x00000000e4ad5010,0x00000000e5300000)
  to   space 11264K, 0% used [0x00000000e5300000,0x00000000e5300000,0x00000000e5e00000)
 ParOldGen       total 124416K, used 38069K [0x0000000082600000, 0x0000000089f80000, 0x00000000d6200000)
  object space 124416K, 30% used [0x0000000082600000,0x0000000084b2d7e8,0x0000000089f80000)
 Metaspace       used 35879K, capacity 37554K, committed 37760K, reserved 1081344K
  class space    used 4943K, capacity 5246K, committed 5248K, reserved 1048576K
}
Event: 61.828 GC heap before
{Heap before GC invocations=30 (full 2):
 PSYoungGen      total 246784K, used 238420K [0x00000000d6200000, 0x00000000e7080000, 0x0000000100000000)
  eden space 236032K, 100% used [0x00000000d6200000,0x00000000e4880000,0x00000000e4880000)
  from space 10752K, 22% used [0x00000000e4880000,0x00000000e4ad5010,0x00000000e5300000)
  to   space 11264K, 0% used [0x00000000e5300000,0x00000000e5300000,0x00000000e5e00000)
 ParOldGen       total 124416K, used 38069K [0x0000000082600000, 0x0000000089f80000, 0x00000000d6200000)
  object space 124416K, 30% used [0x0000000082600000,0x0000000084b2d7e8,0x0000000089f80000)
 Metaspace       used 35902K, capacity 37554K, committed 37760K, reserved 1081344K
  class space    used 4943K, capacity 5246K, committed 5248K, reserved 1048576K
Event: 61.833 GC heap after
Heap after GC invocations=30 (full 2):
 PSYoungGen      total 247296K, used 2260K [0x00000000d6200000, 0x00000000e7080000, 0x0000000100000000)
  eden space 236032K, 0% used [0x00000000d6200000,0x00000000d6200000,0x00000000e4880000)
  from space 11264K, 20% used [0x00000000e5300000,0x00000000e5535010,0x00000000e5e00000)
  to   space 10752K, 0% used [0x00000000e4880000,0x00000000e4880000,0x00000000e5300000)
 ParOldGen       total 124416K, used 38077K [0x0000000082600000, 0x0000000089f80000, 0x00000000d6200000)
  object space 124416K, 30% used [0x0000000082600000,0x0000000084b2f7e8,0x0000000089f80000)
 Metaspace       used 35902K, capacity 37554K, committed 37760K, reserved 1081344K
  class space    used 4943K, capacity 5246K, committed 5248K, reserved 1048576K
}

