# JRE version: Java(TM) SE Runtime Environment (8.0_191-b12) (build 1.8.0_191-b12)
# Java VM: Java HotSpot(TM) 64-Bit Server VM (25.191-b12 mixed mode windows-amd64 compressed oops)
Heap:
 PSYoungGen      total 249344K, used 224065K [0x00000000d6200000, 0x00000000e6080000, 0x0000000100000000)
  eden space 238080K, 93% used [0x00000000d6200000,0x00000000e3a8c8b8,0x00000000e4a80000)
  from space 11264K, 20% used [0x00000000e4a80000,0x00000000e4cc3c38,0x00000000e5580000)
  to   space 10240K, 0% used [0x00000000e5680000,0x00000000e5680000,0x00000000e6080000)
 ParOldGen       total 139776K, used 39385K [0x0000000082600000, 0x000000008ae80000, 0x00000000d6200000)
  object space 139776K, 28% used [0x0000000082600000,0x0000000084c767d0,0x000000008ae80000)
 Metaspace       used 36014K, capacity 37638K, committed 38016K, reserved 1081344K
  class space    used 4894K, capacity 5192K, committed 5248K, reserved 1048576K
GC Heap History (10 events):
Event: 42.942 GC heap before
{Heap before GC invocations=27 (full 2):
 PSYoungGen      total 237056K, used 226518K [0x00000000d6200000, 0x00000000e6300000, 0x0000000100000000)
  eden space 224768K, 100% used [0x00000000d6200000,0x00000000e3d80000,0x00000000e3d80000)
  from space 12288K, 14% used [0x00000000e4980000,0x00000000e4b35a90,0x00000000e5580000)
  to   space 12288K, 0% used [0x00000000e3d80000,0x00000000e3d80000,0x00000000e4980000)
 ParOldGen       total 139776K, used 39369K [0x0000000082600000, 0x000000008ae80000, 0x00000000d6200000)
  object space 139776K, 28% used [0x0000000082600000,0x0000000084c727d0,0x000000008ae80000)
 Metaspace       used 35837K, capacity 37440K, committed 37760K, reserved 1081344K
  class space    used 4894K, capacity 5191K, committed 5248K, reserved 1048576K
Event: 42.950 GC heap after
Heap after GC invocations=27 (full 2):
 PSYoungGen      total 237056K, used 4067K [0x00000000d6200000, 0x00000000e6200000, 0x0000000100000000)
  eden space 224768K, 0% used [0x00000000d6200000,0x00000000d6200000,0x00000000e3d80000)
  from space 12288K, 33% used [0x00000000e3d80000,0x00000000e4178fb0,0x00000000e4980000)
  to   space 11776K, 0% used [0x00000000e5680000,0x00000000e5680000,0x00000000e6200000)
 ParOldGen       total 139776K, used 39369K [0x0000000082600000, 0x000000008ae80000, 0x00000000d6200000)
  object space 139776K, 28% used [0x0000000082600000,0x0000000084c727d0,0x000000008ae80000)
 Metaspace       used 35837K, capacity 37440K, committed 37760K, reserved 1081344K
  class space    used 4894K, capacity 5191K, committed 5248K, reserved 1048576K
}
Event: 44.015 GC heap before
{Heap before GC invocations=28 (full 2):
 PSYoungGen      total 237056K, used 228835K [0x00000000d6200000, 0x00000000e6200000, 0x0000000100000000)
  eden space 224768K, 100% used [0x00000000d6200000,0x00000000e3d80000,0x00000000e3d80000)
  from space 12288K, 33% used [0x00000000e3d80000,0x00000000e4178fb0,0x00000000e4980000)
  to   space 11776K, 0% used [0x00000000e5680000,0x00000000e5680000,0x00000000e6200000)
 ParOldGen       total 139776K, used 39369K [0x0000000082600000, 0x000000008ae80000, 0x00000000d6200000)
  object space 139776K, 28% used [0x0000000082600000,0x0000000084c727d0,0x000000008ae80000)
 Metaspace       used 35848K, capacity 37440K, committed 37760K, reserved 1081344K
  class space    used 4894K, capacity 5191K, committed 5248K, reserved 1048576K
Event: 44.020 GC heap after
Heap after GC invocations=28 (full 2):
 PSYoungGen      total 248320K, used 1814K [0x00000000d6200000, 0x00000000e6080000, 0x0000000100000000)
  eden space 238080K, 0% used [0x00000000d6200000,0x00000000d6200000,0x00000000e4a80000)
  from space 10240K, 17% used [0x00000000e5680000,0x00000000e5845a90,0x00000000e6080000)
  to   space 11264K, 0% used [0x00000000e4a80000,0x00000000e4a80000,0x00000000e5580000)
 ParOldGen       total 139776K, used 39369K [0x0000000082600000, 0x000000008ae80000, 0x00000000d6200000)
  object space 139776K, 28% used [0x0000000082600000,0x0000000084c727d0,0x000000008ae80000)
 Metaspace       used 35848K, capacity 37440K, committed 37760K, reserved 1081344K
  class space    used 4894K, capacity 5191K, committed 5248K, reserved 1048576K
}
Event: 45.567 GC heap before
{Heap before GC invocations=29 (full 2):
 PSYoungGen      total 248320K, used 239894K [0x00000000d6200000, 0x00000000e6080000, 0x0000000100000000)
  eden space 238080K, 100% used [0x00000000d6200000,0x00000000e4a80000,0x00000000e4a80000)
  from space 10240K, 17% used [0x00000000e5680000,0x00000000e5845a90,0x00000000e6080000)
  to   space 11264K, 0% used [0x00000000e4a80000,0x00000000e4a80000,0x00000000e5580000)
 ParOldGen       total 139776K, used 39369K [0x0000000082600000, 0x000000008ae80000, 0x00000000d6200000)
  object space 139776K, 28% used [0x0000000082600000,0x0000000084c727d0,0x000000008ae80000)
 Metaspace       used 35894K, capacity 37568K, committed 37760K, reserved 1081344K
  class space    used 4894K, capacity 5191K, committed 5248K, reserved 1048576K
Event: 45.574 GC heap after
Heap after GC invocations=29 (full 2):
 PSYoungGen      total 249344K, used 2364K [0x00000000d6200000, 0x00000000e6080000, 0x0000000100000000)
  eden space 238080K, 0% used [0x00000000d6200000,0x00000000d6200000,0x00000000e4a80000)
  from space 11264K, 20% used [0x00000000e4a80000,0x00000000e4ccf0a0,0x00000000e5580000)
  to   space 10240K, 0% used [0x00000000e5680000,0x00000000e5680000,0x00000000e6080000)
 ParOldGen       total 139776K, used 39369K [0x0000000082600000, 0x000000008ae80000, 0x00000000d6200000)
  object space 139776K, 28% used [0x0000000082600000,0x0000000084c727d0,0x000000008ae80000)
 Metaspace       used 35894K, capacity 37568K, committed 37760K, reserved 1081344K
  class space    used 4894K, capacity 5191K, committed 5248K, reserved 1048576K
}
Event: 47.010 GC heap before
{Heap before GC invocations=30 (full 2):
 PSYoungGen      total 249344K, used 240444K [0x00000000d6200000, 0x00000000e6080000, 0x0000000100000000)
  eden space 238080K, 100% used [0x00000000d6200000,0x00000000e4a80000,0x00000000e4a80000)
  from space 11264K, 20% used [0x00000000e4a80000,0x00000000e4ccf0a0,0x00000000e5580000)
  to   space 10240K, 0% used [0x00000000e5680000,0x00000000e5680000,0x00000000e6080000)
 ParOldGen       total 139776K, used 39369K [0x0000000082600000, 0x000000008ae80000, 0x00000000d6200000)
  object space 139776K, 28% used [0x0000000082600000,0x0000000084c727d0,0x000000008ae80000)
 Metaspace       used 35916K, capacity 37568K, committed 37760K, reserved 1081344K
  class space    used 4894K, capacity 5191K, committed 5248K, reserved 1048576K
Event: 47.016 GC heap after
Heap after GC invocations=30 (full 2):
 PSYoungGen      total 248320K, used 2220K [0x00000000d6200000, 0x00000000e6080000, 0x0000000100000000)
  eden space 238080K, 0% used [0x00000000d6200000,0x00000000d6200000,0x00000000e4a80000)
  from space 10240K, 21% used [0x00000000e5680000,0x00000000e58ab020,0x00000000e6080000)
  to   space 11264K, 0% used [0x00000000e4a80000,0x00000000e4a80000,0x00000000e5580000)
 ParOldGen       total 139776K, used 39377K [0x0000000082600000, 0x000000008ae80000, 0x00000000d6200000)
  object space 139776K, 28% used [0x0000000082600000,0x0000000084c747d0,0x000000008ae80000)
 Metaspace       used 35916K, capacity 37568K, committed 37760K, reserved 1081344K
  class space    used 4894K, capacity 5191K, committed 5248K, reserved 1048576K
}
Event: 48.486 GC heap before
{Heap before GC invocations=31 (full 2):
 PSYoungGen      total 248320K, used 240300K [0x00000000d6200000, 0x00000000e6080000, 0x0000000100000000)
  eden space 238080K, 100% used [0x00000000d6200000,0x00000000e4a80000,0x00000000e4a80000)
  from space 10240K, 21% used [0x00000000e5680000,0x00000000e58ab020,0x00000000e6080000)
  to   space 11264K, 0% used [0x00000000e4a80000,0x00000000e4a80000,0x00000000e5580000)
 ParOldGen       total 139776K, used 39377K [0x0000000082600000, 0x000000008ae80000, 0x00000000d6200000)
  object space 139776K, 28% used [0x0000000082600000,0x0000000084c747d0,0x000000008ae80000)
 Metaspace       used 35950K, capacity 37638K, committed 38016K, reserved 1081344K
  class space    used 4894K, capacity 5192K, committed 5248K, reserved 1048576K
Event: 48.492 GC heap after
Heap after GC invocations=31 (full 2):
 PSYoungGen      total 249344K, used 2319K [0x00000000d6200000, 0x00000000e6080000, 0x0000000100000000)
  eden space 238080K, 0% used [0x00000000d6200000,0x00000000d6200000,0x00000000e4a80000)
  from space 11264K, 20% used [0x00000000e4a80000,0x00000000e4cc3c38,0x00000000e5580000)
  to   space 10240K, 0% used [0x00000000e5680000,0x00000000e5680000,0x00000000e6080000)
 ParOldGen       total 139776K, used 39385K [0x0000000082600000, 0x000000008ae80000, 0x00000000d6200000)
  object space 139776K, 28% used [0x0000000082600000,0x0000000084c767d0,0x000000008ae80000)
 Metaspace       used 35950K, capacity 37638K, committed 38016K, reserved 1081344K
  class space    used 4894K, capacity 5192K, committed 5248K, reserved 1048576K
}

