# JRE version: Java(TM) SE Runtime Environment (8.0_191-b12) (build 1.8.0_191-b12)
# Java VM: Java HotSpot(TM) 64-Bit Server VM (25.191-b12 mixed mode windows-amd64 compressed oops)
Heap:
 PSYoungGen      total 283136K, used 203198K [0x00000000d6200000, 0x00000000e9600000, 0x0000000100000000)
  eden space 271872K, 73% used [0x00000000d6200000,0x00000000e263a4a0,0x00000000e6b80000)
  from space 11264K, 20% used [0x00000000e6b80000,0x00000000e6db56c0,0x00000000e7680000)
  to   space 9728K, 0% used [0x00000000e8c80000,0x00000000e8c80000,0x00000000e9600000)
 ParOldGen       total 129536K, used 37926K [0x0000000082600000, 0x000000008a480000, 0x00000000d6200000)
  object space 129536K, 29% used [0x0000000082600000,0x0000000084b098d0,0x000000008a480000)
 Metaspace       used 36036K, capacity 37752K, committed 37888K, reserved 1081344K
  class space    used 5023K, capacity 5349K, committed 5376K, reserved 1048576K
GC Heap History (10 events):
Event: 45.508 GC heap before
{Heap before GC invocations=27 (full 2):
 PSYoungGen      total 267264K, used 258549K [0x00000000d6200000, 0x00000000e8880000, 0x0000000100000000)
  eden space 257024K, 100% used [0x00000000d6200000,0x00000000e5d00000,0x00000000e5d00000)
  from space 10240K, 14% used [0x00000000e6900000,0x00000000e6a7d6c0,0x00000000e7300000)
  to   space 12288K, 0% used [0x00000000e5d00000,0x00000000e5d00000,0x00000000e6900000)
 ParOldGen       total 129536K, used 37910K [0x0000000082600000, 0x000000008a480000, 0x00000000d6200000)
  object space 129536K, 29% used [0x0000000082600000,0x0000000084b058d0,0x000000008a480000)
 Metaspace       used 35391K, capacity 36972K, committed 37248K, reserved 1081344K
  class space    used 4879K, capacity 5181K, committed 5248K, reserved 1048576K
Event: 45.512 GC heap after
Heap after GC invocations=27 (full 2):
 PSYoungGen      total 269312K, used 1493K [0x00000000d6200000, 0x00000000e8280000, 0x0000000100000000)
  eden space 257024K, 0% used [0x00000000d6200000,0x00000000d6200000,0x00000000e5d00000)
  from space 12288K, 12% used [0x00000000e5d00000,0x00000000e5e756c0,0x00000000e6900000)
  to   space 11776K, 0% used [0x00000000e7700000,0x00000000e7700000,0x00000000e8280000)
 ParOldGen       total 129536K, used 37910K [0x0000000082600000, 0x000000008a480000, 0x00000000d6200000)
  object space 129536K, 29% used [0x0000000082600000,0x0000000084b058d0,0x000000008a480000)
 Metaspace       used 35391K, capacity 36972K, committed 37248K, reserved 1081344K
  class space    used 4879K, capacity 5181K, committed 5248K, reserved 1048576K
}
Event: 46.718 GC heap before
{Heap before GC invocations=28 (full 2):
 PSYoungGen      total 269312K, used 258517K [0x00000000d6200000, 0x00000000e8280000, 0x0000000100000000)
  eden space 257024K, 100% used [0x00000000d6200000,0x00000000e5d00000,0x00000000e5d00000)
  from space 12288K, 12% used [0x00000000e5d00000,0x00000000e5e756c0,0x00000000e6900000)
  to   space 11776K, 0% used [0x00000000e7700000,0x00000000e7700000,0x00000000e8280000)
 ParOldGen       total 129536K, used 37910K [0x0000000082600000, 0x000000008a480000, 0x00000000d6200000)
  object space 129536K, 29% used [0x0000000082600000,0x0000000084b058d0,0x000000008a480000)
 Metaspace       used 35391K, capacity 36972K, committed 37248K, reserved 1081344K
  class space    used 4879K, capacity 5181K, committed 5248K, reserved 1048576K
Event: 46.724 GC heap after
Heap after GC invocations=28 (full 2):
 PSYoungGen      total 282624K, used 3553K [0x00000000d6200000, 0x00000000e8180000, 0x0000000100000000)
  eden space 271872K, 0% used [0x00000000d6200000,0x00000000d6200000,0x00000000e6b80000)
  from space 10752K, 33% used [0x00000000e7700000,0x00000000e7a78440,0x00000000e8180000)
  to   space 11264K, 0% used [0x00000000e6b80000,0x00000000e6b80000,0x00000000e7680000)
 ParOldGen       total 129536K, used 37910K [0x0000000082600000, 0x000000008a480000, 0x00000000d6200000)
  object space 129536K, 29% used [0x0000000082600000,0x0000000084b058d0,0x000000008a480000)
 Metaspace       used 35391K, capacity 36972K, committed 37248K, reserved 1081344K
  class space    used 4879K, capacity 5181K, committed 5248K, reserved 1048576K
}
Event: 47.979 GC heap before
{Heap before GC invocations=29 (full 2):
 PSYoungGen      total 282624K, used 275425K [0x00000000d6200000, 0x00000000e8180000, 0x0000000100000000)
  eden space 271872K, 100% used [0x00000000d6200000,0x00000000e6b80000,0x00000000e6b80000)
  from space 10752K, 33% used [0x00000000e7700000,0x00000000e7a78440,0x00000000e8180000)
  to   space 11264K, 0% used [0x00000000e6b80000,0x00000000e6b80000,0x00000000e7680000)
 ParOldGen       total 129536K, used 37910K [0x0000000082600000, 0x000000008a480000, 0x00000000d6200000)
  object space 129536K, 29% used [0x0000000082600000,0x0000000084b058d0,0x000000008a480000)
 Metaspace       used 35407K, capacity 36978K, committed 37248K, reserved 1081344K
  class space    used 4880K, capacity 5182K, committed 5248K, reserved 1048576K
Event: 47.985 GC heap after
Heap after GC invocations=29 (full 2):
 PSYoungGen      total 283136K, used 3585K [0x00000000d6200000, 0x00000000e8180000, 0x0000000100000000)
  eden space 271872K, 0% used [0x00000000d6200000,0x00000000d6200000,0x00000000e6b80000)
  from space 11264K, 31% used [0x00000000e6b80000,0x00000000e6f00440,0x00000000e7680000)
  to   space 10752K, 0% used [0x00000000e7700000,0x00000000e7700000,0x00000000e8180000)
 ParOldGen       total 129536K, used 37918K [0x0000000082600000, 0x000000008a480000, 0x00000000d6200000)
  object space 129536K, 29% used [0x0000000082600000,0x0000000084b078d0,0x000000008a480000)
 Metaspace       used 35407K, capacity 36978K, committed 37248K, reserved 1081344K
  class space    used 4880K, capacity 5182K, committed 5248K, reserved 1048576K
}
Event: 49.382 GC heap before
{Heap before GC invocations=30 (full 2):
 PSYoungGen      total 283136K, used 275457K [0x00000000d6200000, 0x00000000e8180000, 0x0000000100000000)
  eden space 271872K, 100% used [0x00000000d6200000,0x00000000e6b80000,0x00000000e6b80000)
  from space 11264K, 31% used [0x00000000e6b80000,0x00000000e6f00440,0x00000000e7680000)
  to   space 10752K, 0% used [0x00000000e7700000,0x00000000e7700000,0x00000000e8180000)
 ParOldGen       total 129536K, used 37918K [0x0000000082600000, 0x000000008a480000, 0x00000000d6200000)
  object space 129536K, 29% used [0x0000000082600000,0x0000000084b078d0,0x000000008a480000)
 Metaspace       used 35407K, capacity 36978K, committed 37248K, reserved 1081344K
  class space    used 4880K, capacity 5182K, committed 5248K, reserved 1048576K
Event: 49.386 GC heap after
Heap after GC invocations=30 (full 2):
 PSYoungGen      total 282624K, used 1589K [0x00000000d6200000, 0x00000000e8180000, 0x0000000100000000)
  eden space 271872K, 0% used [0x00000000d6200000,0x00000000d6200000,0x00000000e6b80000)
  from space 10752K, 14% used [0x00000000e7700000,0x00000000e788d6c0,0x00000000e8180000)
  to   space 11264K, 0% used [0x00000000e6b80000,0x00000000e6b80000,0x00000000e7680000)
 ParOldGen       total 129536K, used 37918K [0x0000000082600000, 0x000000008a480000, 0x00000000d6200000)
  object space 129536K, 29% used [0x0000000082600000,0x0000000084b078d0,0x000000008a480000)
 Metaspace       used 35407K, capacity 36978K, committed 37248K, reserved 1081344K
  class space    used 4880K, capacity 5182K, committed 5248K, reserved 1048576K
}
Event: 51.274 GC heap before
{Heap before GC invocations=31 (full 2):
 PSYoungGen      total 282624K, used 273461K [0x00000000d6200000, 0x00000000e8180000, 0x0000000100000000)
  eden space 271872K, 100% used [0x00000000d6200000,0x00000000e6b80000,0x00000000e6b80000)
  from space 10752K, 14% used [0x00000000e7700000,0x00000000e788d6c0,0x00000000e8180000)
  to   space 11264K, 0% used [0x00000000e6b80000,0x00000000e6b80000,0x00000000e7680000)
 ParOldGen       total 129536K, used 37918K [0x0000000082600000, 0x000000008a480000, 0x00000000d6200000)
  object space 129536K, 29% used [0x0000000082600000,0x0000000084b078d0,0x000000008a480000)
 Metaspace       used 36031K, capacity 37752K, committed 37888K, reserved 1081344K
  class space    used 5023K, capacity 5349K, committed 5376K, reserved 1048576K
Event: 51.310 GC heap after
Heap after GC invocations=31 (full 2):
 PSYoungGen      total 283136K, used 2261K [0x00000000d6200000, 0x00000000e9600000, 0x0000000100000000)
  eden space 271872K, 0% used [0x00000000d6200000,0x00000000d6200000,0x00000000e6b80000)
  from space 11264K, 20% used [0x00000000e6b80000,0x00000000e6db56c0,0x00000000e7680000)
  to   space 9728K, 0% used [0x00000000e8c80000,0x00000000e8c80000,0x00000000e9600000)
 ParOldGen       total 129536K, used 37926K [0x0000000082600000, 0x000000008a480000, 0x00000000d6200000)
  object space 129536K, 29% used [0x0000000082600000,0x0000000084b098d0,0x000000008a480000)
 Metaspace       used 36031K, capacity 37752K, committed 37888K, reserved 1081344K
  class space    used 5023K, capacity 5349K, committed 5376K, reserved 1048576K
}

