# JRE version: Java(TM) SE Runtime Environment (8.0_191-b12) (build 1.8.0_191-b12)
# Java VM: Java HotSpot(TM) 64-Bit Server VM (25.191-b12 mixed mode windows-amd64 compressed oops)
Heap:
 PSYoungGen      total 120320K, used 68457K [0x00000000d6200000, 0x00000000deb80000, 0x0000000100000000)
  eden space 103936K, 65% used [0x00000000d6200000,0x00000000da4aa618,0x00000000dc780000)
  from space 16384K, 1% used [0x00000000ddb80000,0x00000000ddbb0000,0x00000000deb80000)
  to   space 18432K, 0% used [0x00000000dc780000,0x00000000dc780000,0x00000000dd980000)
 ParOldGen       total 71168K, used 41230K [0x0000000082600000, 0x0000000086b80000, 0x00000000d6200000)
  object space 71168K, 57% used [0x0000000082600000,0x0000000084e439c8,0x0000000086b80000)
 Metaspace       used 35046K, capacity 36670K, committed 36992K, reserved 1081344K
  class space    used 4849K, capacity 5148K, committed 5248K, reserved 1048576K
GC Heap History (10 events):
Event: 35.808 GC heap before
{Heap before GC invocations=24 (full 2):
 PSYoungGen      total 122368K, used 105296K [0x00000000d6200000, 0x00000000deb80000, 0x0000000100000000)
  eden space 103936K, 100% used [0x00000000d6200000,0x00000000dc780000,0x00000000dc780000)
  from space 18432K, 7% used [0x00000000dc780000,0x00000000dc8d4250,0x00000000dd980000)
  to   space 16384K, 0% used [0x00000000ddb80000,0x00000000ddb80000,0x00000000deb80000)
 ParOldGen       total 71168K, used 39933K [0x0000000082600000, 0x0000000086b80000, 0x00000000d6200000)
  object space 71168K, 56% used [0x0000000082600000,0x0000000084cff768,0x0000000086b80000)
 Metaspace       used 35012K, capacity 36664K, committed 36992K, reserved 1081344K
  class space    used 4846K, capacity 5147K, committed 5248K, reserved 1048576K
Event: 35.812 GC heap after
Heap after GC invocations=24 (full 2):
 PSYoungGen      total 120320K, used 1392K [0x00000000d6200000, 0x00000000deb80000, 0x0000000100000000)
  eden space 103936K, 0% used [0x00000000d6200000,0x00000000d6200000,0x00000000dc780000)
  from space 16384K, 8% used [0x00000000ddb80000,0x00000000ddcdc250,0x00000000deb80000)
  to   space 18432K, 0% used [0x00000000dc780000,0x00000000dc780000,0x00000000dd980000)
 ParOldGen       total 71168K, used 39933K [0x0000000082600000, 0x0000000086b80000, 0x00000000d6200000)
  object space 71168K, 56% used [0x0000000082600000,0x0000000084cff768,0x0000000086b80000)
 Metaspace       used 35012K, capacity 36664K, committed 36992K, reserved 1081344K
  class space    used 4846K, capacity 5147K, committed 5248K, reserved 1048576K
}
Event: 36.403 GC heap before
{Heap before GC invocations=25 (full 2):
 PSYoungGen      total 120320K, used 105328K [0x00000000d6200000, 0x00000000deb80000, 0x0000000100000000)
  eden space 103936K, 100% used [0x00000000d6200000,0x00000000dc780000,0x00000000dc780000)
  from space 16384K, 8% used [0x00000000ddb80000,0x00000000ddcdc250,0x00000000deb80000)
  to   space 18432K, 0% used [0x00000000dc780000,0x00000000dc780000,0x00000000dd980000)
 ParOldGen       total 71168K, used 39933K [0x0000000082600000, 0x0000000086b80000, 0x00000000d6200000)
  object space 71168K, 56% used [0x0000000082600000,0x0000000084cff768,0x0000000086b80000)
 Metaspace       used 35022K, capacity 36664K, committed 36992K, reserved 1081344K
  class space    used 4847K, capacity 5147K, committed 5248K, reserved 1048576K
Event: 36.682 GC heap after
Heap after GC invocations=25 (full 2):
 PSYoungGen      total 122368K, used 1392K [0x00000000d6200000, 0x00000000deb80000, 0x0000000100000000)
  eden space 103936K, 0% used [0x00000000d6200000,0x00000000d6200000,0x00000000dc780000)
  from space 18432K, 7% used [0x00000000dc780000,0x00000000dc8dc250,0x00000000dd980000)
  to   space 16384K, 0% used [0x00000000ddb80000,0x00000000ddb80000,0x00000000deb80000)
 ParOldGen       total 71168K, used 39933K [0x0000000082600000, 0x0000000086b80000, 0x00000000d6200000)
  object space 71168K, 56% used [0x0000000082600000,0x0000000084cff768,0x0000000086b80000)
 Metaspace       used 35022K, capacity 36664K, committed 36992K, reserved 1081344K
  class space    used 4847K, capacity 5147K, committed 5248K, reserved 1048576K
}
Event: 37.262 GC heap before
{Heap before GC invocations=26 (full 2):
 PSYoungGen      total 122368K, used 105328K [0x00000000d6200000, 0x00000000deb80000, 0x0000000100000000)
  eden space 103936K, 100% used [0x00000000d6200000,0x00000000dc780000,0x00000000dc780000)
  from space 18432K, 7% used [0x00000000dc780000,0x00000000dc8dc250,0x00000000dd980000)
  to   space 16384K, 0% used [0x00000000ddb80000,0x00000000ddb80000,0x00000000deb80000)
 ParOldGen       total 71168K, used 39933K [0x0000000082600000, 0x0000000086b80000, 0x00000000d6200000)
  object space 71168K, 56% used [0x0000000082600000,0x0000000084cff768,0x0000000086b80000)
 Metaspace       used 35022K, capacity 36664K, committed 36992K, reserved 1081344K
  class space    used 4847K, capacity 5147K, committed 5248K, reserved 1048576K
Event: 37.267 GC heap after
Heap after GC invocations=26 (full 2):
 PSYoungGen      total 120320K, used 1104K [0x00000000d6200000, 0x00000000deb80000, 0x0000000100000000)
  eden space 103936K, 0% used [0x00000000d6200000,0x00000000d6200000,0x00000000dc780000)
  from space 16384K, 6% used [0x00000000ddb80000,0x00000000ddc94250,0x00000000deb80000)
  to   space 18432K, 0% used [0x00000000dc780000,0x00000000dc780000,0x00000000dd980000)
 ParOldGen       total 71168K, used 40205K [0x0000000082600000, 0x0000000086b80000, 0x00000000d6200000)
  object space 71168K, 56% used [0x0000000082600000,0x0000000084d43778,0x0000000086b80000)
 Metaspace       used 35022K, capacity 36664K, committed 36992K, reserved 1081344K
  class space    used 4847K, capacity 5147K, committed 5248K, reserved 1048576K
}
Event: 37.805 GC heap before
{Heap before GC invocations=27 (full 2):
 PSYoungGen      total 120320K, used 105040K [0x00000000d6200000, 0x00000000deb80000, 0x0000000100000000)
  eden space 103936K, 100% used [0x00000000d6200000,0x00000000dc780000,0x00000000dc780000)
  from space 16384K, 6% used [0x00000000ddb80000,0x00000000ddc94250,0x00000000deb80000)
  to   space 18432K, 0% used [0x00000000dc780000,0x00000000dc780000,0x00000000dd980000)
 ParOldGen       total 71168K, used 40205K [0x0000000082600000, 0x0000000086b80000, 0x00000000d6200000)
  object space 71168K, 56% used [0x0000000082600000,0x0000000084d43778,0x0000000086b80000)
 Metaspace       used 35045K, capacity 36670K, committed 36992K, reserved 1081344K
  class space    used 4849K, capacity 5148K, committed 5248K, reserved 1048576K
Event: 37.818 GC heap after
Heap after GC invocations=27 (full 2):
 PSYoungGen      total 122368K, used 1168K [0x00000000d6200000, 0x00000000deb80000, 0x0000000100000000)
  eden space 103936K, 0% used [0x00000000d6200000,0x00000000d6200000,0x00000000dc780000)
  from space 18432K, 6% used [0x00000000dc780000,0x00000000dc8a4250,0x00000000dd980000)
  to   space 16384K, 0% used [0x00000000ddb80000,0x00000000ddb80000,0x00000000deb80000)
 ParOldGen       total 71168K, used 40213K [0x0000000082600000, 0x0000000086b80000, 0x00000000d6200000)
  object space 71168K, 56% used [0x0000000082600000,0x0000000084d45778,0x0000000086b80000)
 Metaspace       used 35045K, capacity 36670K, committed 36992K, reserved 1081344K
  class space    used 4849K, capacity 5148K, committed 5248K, reserved 1048576K
}
Event: 38.212 GC heap before
{Heap before GC invocations=28 (full 2):
 PSYoungGen      total 122368K, used 105104K [0x00000000d6200000, 0x00000000deb80000, 0x0000000100000000)
  eden space 103936K, 100% used [0x00000000d6200000,0x00000000dc780000,0x00000000dc780000)
  from space 18432K, 6% used [0x00000000dc780000,0x00000000dc8a4250,0x00000000dd980000)
  to   space 16384K, 0% used [0x00000000ddb80000,0x00000000ddb80000,0x00000000deb80000)
 ParOldGen       total 71168K, used 40213K [0x0000000082600000, 0x0000000086b80000, 0x00000000d6200000)
  object space 71168K, 56% used [0x0000000082600000,0x0000000084d45778,0x0000000086b80000)
 Metaspace       used 35046K, capacity 36670K, committed 36992K, reserved 1081344K
  class space    used 4849K, capacity 5148K, committed 5248K, reserved 1048576K
Event: 38.214 GC heap after
Heap after GC invocations=28 (full 2):
 PSYoungGen      total 120320K, used 192K [0x00000000d6200000, 0x00000000deb80000, 0x0000000100000000)
  eden space 103936K, 0% used [0x00000000d6200000,0x00000000d6200000,0x00000000dc780000)
  from space 16384K, 1% used [0x00000000ddb80000,0x00000000ddbb0000,0x00000000deb80000)
  to   space 18432K, 0% used [0x00000000dc780000,0x00000000dc780000,0x00000000dd980000)
 ParOldGen       total 71168K, used 41230K [0x0000000082600000, 0x0000000086b80000, 0x00000000d6200000)
  object space 71168K, 57% used [0x0000000082600000,0x0000000084e439c8,0x0000000086b80000)
 Metaspace       used 35046K, capacity 36670K, committed 36992K, reserved 1081344K
  class space    used 4849K, capacity 5148K, committed 5248K, reserved 1048576K
}

